<?xml version="1.0" encoding="UTF-8"?>
<testng-results ignored="0" total="1" passed="1" failed="0" skipped="0">
  <reporter-output>
  </reporter-output>
  <suite started-at="2020-06-21T13:13:16Z" name="Default suite" finished-at="2020-06-21T13:14:10Z" duration-ms="53823">
    <groups>
    </groups>
    <test started-at="2020-06-21T13:13:16Z" name="Default test" finished-at="2020-06-21T13:14:10Z" duration-ms="53823">
      <class name="flightfinder.flightFinderUcuzaBilet">
        <test-method signature="f()[pri:0, instance:flightfinder.flightFinderUcuzaBilet@68267da0]" started-at="2020-06-21T13:13:16Z" name="f" finished-at="2020-06-21T13:14:10Z" duration-ms="53776" status="PASS">
          <reporter-output>
          </reporter-output>
        </test-method> <!-- f -->
      </class> <!-- flightfinder.flightFinderUcuzaBilet -->
    </test> <!-- Default test -->
  </suite> <!-- Default suite -->
</testng-results>
